<?xml version="1.0" encoding="UTF-8"?>
<!-- Generated by org.testng.reporters.JUnitReportReporter -->
<testsuite hostname="LAPTOP-M4ND98IS" failures="0" tests="1" name="automation.testsuite.Day12_Checkbox" time="2.360" errors="0" timestamp="2023-08-13T12:11:05 ICT" skipped="0">
  <testcase classname="automation.testsuite.Day12_Checkbox" name="handleRadiobutton" time="2.360"/>
</testsuite> <!-- automation.testsuite.Day12_Checkbox -->
