<?xml version="1.0" encoding="UTF-8"?>
<!-- Generated by org.testng.reporters.JUnitReportReporter -->
<testsuite hostname="Admin-PC" failures="0" tests="1" name="hoantest.SearchFlights_Day16" time="0.637" errors="0" timestamp="2023-07-19T07:12:57 GMT+07:00" skipped="0">
  <testcase classname="hoantest.SearchFlights_Day16" name="ChooseDatePicker" time="0.637"/>
  <system-out/>
</testsuite> <!-- hoantest.SearchFlights_Day16 -->
