<?xml version="1.0" encoding="UTF-8"?>
<!-- Generated by org.testng.reporters.JUnitReportReporter -->
<testsuite hostname="LAPTOP-M4ND98IS" failures="0" tests="1" name="automation.testsuite.Homework_Day12" time="0.653" errors="0" timestamp="2023-08-13T12:45:08 ICT" skipped="0">
  <testcase classname="automation.testsuite.Homework_Day12" name="handleDropdown" time="0.653"/>
</testsuite> <!-- automation.testsuite.Homework_Day12 -->
