<?xml version="1.0" encoding="UTF-8"?>
<!-- Generated by org.testng.reporters.JUnitReportReporter -->
<testsuite hostname="LAPTOP-M4ND98IS" failures="0" tests="1" name="automation.testsuite.SearchFlights_Day16" time="0.438" errors="0" timestamp="2023-07-23T16:10:59 ICT" skipped="0">
  <testcase classname="automation.testsuite.SearchFlights_Day16" name="ChooseDatePicker" time="0.438"/>
</testsuite> <!-- automation.testsuite.SearchFlights_Day16 -->
