<?xml version="1.0" encoding="UTF-8"?>
<!-- Generated by org.testng.reporters.JUnitReportReporter -->
<testsuite hostname="LAPTOP-M4ND98IS" failures="0" tests="1" name="automation.testsuite.homeWork1_Day8" time="0.034" errors="0" timestamp="2023-07-26T18:33:11 ICT" skipped="0">
  <testcase classname="automation.testsuite.homeWork1_Day8" name="findByClassName" time="0.034"/>
</testsuite> <!-- automation.testsuite.homeWork1_Day8 -->
